# JRE version: OpenJDK Runtime Environment (8.0_152-b06) (build 1.8.0_152-release-1136-b06)
# Java VM: OpenJDK 64-Bit Server VM (25.152-b06 mixed mode linux-amd64 compressed oops)
Heap:
 PSYoungGen      total 307712K, used 279896K [0x00000000eab00000, 0x00000000fff80000, 0x0000000100000000)
  eden space 273408K, 100% used [0x00000000eab00000,0x00000000fb600000,0x00000000fb600000)
  from space 34304K, 18% used [0x00000000fb600000,0x00000000fbc56060,0x00000000fd780000)
  to   space 32256K, 14% used [0x00000000fe000000,0x00000000fe49a0b0,0x00000000fff80000)
 ParOldGen       total 333824K, used 137557K [0x00000000c0000000, 0x00000000d4600000, 0x00000000eab00000)
  object space 333824K, 41% used [0x00000000c0000000,0x00000000c8655500,0x00000000d4600000)
 Metaspace       used 164155K, capacity 176032K, committed 179092K, reserved 1206272K
  class space    used 19523K, capacity 21593K, committed 22420K, reserved 1048576K
GC Heap History (10 events):
Event: 5000.918 GC heap after
Heap after GC invocations=174 (full 9):
 PSYoungGen      total 307200K, used 4399K [0x00000000eab00000, 0x0000000100000000, 0x0000000100000000)
  eden space 265216K, 0% used [0x00000000eab00000,0x00000000eab00000,0x00000000fae00000)
  from space 41984K, 10% used [0x00000000fae00000,0x00000000fb24bf18,0x00000000fd700000)
  to   space 39936K, 0% used [0x00000000fd900000,0x00000000fd900000,0x0000000100000000)
 ParOldGen       total 333824K, used 131066K [0x00000000c0000000, 0x00000000d4600000, 0x00000000eab00000)
  object space 333824K, 39% used [0x00000000c0000000,0x00000000c7ffeb10,0x00000000d4600000)
 Metaspace       used 163833K, capacity 175604K, committed 179092K, reserved 1206272K
  class space    used 19508K, capacity 21545K, committed 22420K, reserved 1048576K
}
Event: 5000.974 GC heap before
{Heap before GC invocations=175 (full 9):
 PSYoungGen      total 307200K, used 269604K [0x00000000eab00000, 0x0000000100000000, 0x0000000100000000)
  eden space 265216K, 99% used [0x00000000eab00000,0x00000000fadfd3d8,0x00000000fae00000)
  from space 41984K, 10% used [0x00000000fae00000,0x00000000fb24bf18,0x00000000fd700000)
  to   space 39936K, 0% used [0x00000000fd900000,0x00000000fd900000,0x0000000100000000)
 ParOldGen       total 333824K, used 131066K [0x00000000c0000000, 0x00000000d4600000, 0x00000000eab00000)
  object space 333824K, 39% used [0x00000000c0000000,0x00000000c7ffeb10,0x00000000d4600000)
 Metaspace       used 163833K, capacity 175604K, committed 179092K, reserved 1206272K
  class space    used 19508K, capacity 21545K, committed 22420K, reserved 1048576K
Event: 5000.980 GC heap after
Heap after GC invocations=175 (full 9):
 PSYoungGen      total 303104K, used 64K [0x00000000eab00000, 0x00000000ffc00000, 0x0000000100000000)
  eden space 267264K, 0% used [0x00000000eab00000,0x00000000eab00000,0x00000000fb000000)
  from space 35840K, 0% used [0x00000000fd900000,0x00000000fd910000,0x00000000ffc00000)
  to   space 38912K, 0% used [0x00000000fb000000,0x00000000fb000000,0x00000000fd600000)
 ParOldGen       total 333824K, used 131750K [0x00000000c0000000, 0x00000000d4600000, 0x00000000eab00000)
  object space 333824K, 39% used [0x00000000c0000000,0x00000000c80a9a70,0x00000000d4600000)
 Metaspace       used 163833K, capacity 175604K, committed 179092K, reserved 1206272K
  class space    used 19508K, capacity 21545K, committed 22420K, reserved 1048576K
}
Event: 5007.319 GC heap before
{Heap before GC invocations=176 (full 9):
 PSYoungGen      total 303104K, used 266952K [0x00000000eab00000, 0x00000000ffc00000, 0x0000000100000000)
  eden space 267264K, 99% used [0x00000000eab00000,0x00000000fafa2240,0x00000000fb000000)
  from space 35840K, 0% used [0x00000000fd900000,0x00000000fd910000,0x00000000ffc00000)
  to   space 38912K, 0% used [0x00000000fb000000,0x00000000fb000000,0x00000000fd600000)
 ParOldGen       total 333824K, used 131750K [0x00000000c0000000, 0x00000000d4600000, 0x00000000eab00000)
  object space 333824K, 39% used [0x00000000c0000000,0x00000000c80a9a70,0x00000000d4600000)
 Metaspace       used 163860K, capacity 175640K, committed 179092K, reserved 1206272K
  class space    used 19511K, capacity 21551K, committed 22420K, reserved 1048576K
Event: 5007.331 GC heap after
Heap after GC invocations=176 (full 9):
 PSYoungGen      total 306176K, used 3690K [0x00000000eab00000, 0x00000000fff00000, 0x0000000100000000)
  eden space 267264K, 0% used [0x00000000eab00000,0x00000000eab00000,0x00000000fb000000)
  from space 38912K, 9% used [0x00000000fb000000,0x00000000fb39a960,0x00000000fd600000)
  to   space 36864K, 0% used [0x00000000fdb00000,0x00000000fdb00000,0x00000000fff00000)
 ParOldGen       total 333824K, used 131782K [0x00000000c0000000, 0x00000000d4600000, 0x00000000eab00000)
  object space 333824K, 39% used [0x00000000c0000000,0x00000000c80b1a70,0x00000000d4600000)
 Metaspace       used 163860K, capacity 175640K, committed 179092K, reserved 1206272K
  class space    used 19511K, capacity 21551K, committed 22420K, reserved 1048576K
}
Event: 5008.527 GC heap before
{Heap before GC invocations=177 (full 9):
 PSYoungGen      total 306176K, used 270954K [0x00000000eab00000, 0x00000000fff00000, 0x0000000100000000)
  eden space 267264K, 100% used [0x00000000eab00000,0x00000000fb000000,0x00000000fb000000)
  from space 38912K, 9% used [0x00000000fb000000,0x00000000fb39a960,0x00000000fd600000)
  to   space 36864K, 0% used [0x00000000fdb00000,0x00000000fdb00000,0x00000000fff00000)
 ParOldGen       total 333824K, used 131782K [0x00000000c0000000, 0x00000000d4600000, 0x00000000eab00000)
  object space 333824K, 39% used [0x00000000c0000000,0x00000000c80b1a70,0x00000000d4600000)
 Metaspace       used 164142K, capacity 176032K, committed 179092K, reserved 1206272K
  class space    used 19523K, capacity 21593K, committed 22420K, reserved 1048576K
Event: 5008.540 GC heap after
Heap after GC invocations=177 (full 9):
 PSYoungGen      total 304128K, used 7643K [0x00000000eab00000, 0x00000000ff900000, 0x0000000100000000)
  eden space 273408K, 0% used [0x00000000eab00000,0x00000000eab00000,0x00000000fb600000)
  from space 30720K, 24% used [0x00000000fdb00000,0x00000000fe276fc0,0x00000000ff900000)
  to   space 34304K, 0% used [0x00000000fb600000,0x00000000fb600000,0x00000000fd780000)
 ParOldGen       total 333824K, used 132749K [0x00000000c0000000, 0x00000000d4600000, 0x00000000eab00000)
  object space 333824K, 39% used [0x00000000c0000000,0x00000000c81a3450,0x00000000d4600000)
 Metaspace       used 164142K, capacity 176032K, committed 179092K, reserved 1206272K
  class space    used 19523K, capacity 21593K, committed 22420K, reserved 1048576K
}
Event: 5009.484 GC heap before
{Heap before GC invocations=178 (full 9):
 PSYoungGen      total 304128K, used 281051K [0x00000000eab00000, 0x00000000ff900000, 0x0000000100000000)
  eden space 273408K, 100% used [0x00000000eab00000,0x00000000fb600000,0x00000000fb600000)
  from space 30720K, 24% used [0x00000000fdb00000,0x00000000fe276fc0,0x00000000ff900000)
  to   space 34304K, 0% used [0x00000000fb600000,0x00000000fb600000,0x00000000fd780000)
 ParOldGen       total 333824K, used 132749K [0x00000000c0000000, 0x00000000d4600000, 0x00000000eab00000)
  object space 333824K, 39% used [0x00000000c0000000,0x00000000c81a3450,0x00000000d4600000)
 Metaspace       used 164150K, capacity 176032K, committed 179092K, reserved 1206272K
  class space    used 19523K, capacity 21593K, committed 22420K, reserved 1048576K
Event: 5009.524 GC heap after
Heap after GC invocations=178 (full 9):
 PSYoungGen      total 307712K, used 6488K [0x00000000eab00000, 0x00000000fff80000, 0x0000000100000000)
  eden space 273408K, 0% used [0x00000000eab00000,0x00000000eab00000,0x00000000fb600000)
  from space 34304K, 18% used [0x00000000fb600000,0x00000000fbc56060,0x00000000fd780000)
  to   space 32256K, 0% used [0x00000000fe000000,0x00000000fe000000,0x00000000fff80000)
 ParOldGen       total 333824K, used 135949K [0x00000000c0000000, 0x00000000d4600000, 0x00000000eab00000)
  object space 333824K, 40% used [0x00000000c0000000,0x00000000c84c3500,0x00000000d4600000)
 Metaspace       used 164150K, capacity 176032K, committed 179092K, reserved 1206272K
  class space    used 19523K, capacity 21593K, committed 22420K, reserved 1048576K
}
Event: 5010.395 GC heap before
{Heap before GC invocations=179 (full 9):
 PSYoungGen      total 307712K, used 279896K [0x00000000eab00000, 0x00000000fff80000, 0x0000000100000000)
  eden space 273408K, 100% used [0x00000000eab00000,0x00000000fb600000,0x00000000fb600000)
  from space 34304K, 18% used [0x00000000fb600000,0x00000000fbc56060,0x00000000fd780000)
  to   space 32256K, 0% used [0x00000000fe000000,0x00000000fe000000,0x00000000fff80000)
 ParOldGen       total 333824K, used 135949K [0x00000000c0000000, 0x00000000d4600000, 0x00000000eab00000)
  object space 333824K, 40% used [0x00000000c0000000,0x00000000c84c3500,0x00000000d4600000)
 Metaspace       used 164155K, capacity 176032K, committed 179092K, reserved 1206272K
  class space    used 19523K, capacity 21593K, committed 22420K, reserved 1048576K

